d:\02_document\01_project\2018_2023_spatialmedia\30_implementation\22_patexturemapper\texturematerialmapper\tmp\x64\release\texturematerialmapper.pch
d:\02_document\01_project\2018_2023_spatialmedia\30_implementation\22_patexturemapper\texturematerialmapper\tmp\x64\release\vc141.pdb
d:\02_document\01_project\2018_2023_spatialmedia\30_implementation\22_patexturemapper\texturematerialmapper\tmp\x64\release\pch.obj
d:\02_document\01_project\2018_2023_spatialmedia\30_implementation\22_patexturemapper\texturematerialmapper\tmp\x64\release\texturematerialmanager.obj
d:\02_document\01_project\2018_2023_spatialmedia\30_implementation\22_patexturemapper\texturematerialmapper\tmp\x64\release\filemanager.obj
d:\02_document\01_project\2018_2023_spatialmedia\30_implementation\22_patexturemapper\texturematerialmapper\tmp\x64\release\dllmain.obj
d:\02_document\01_project\2018_2023_spatialmedia\30_implementation\22_patexturemapper\texturematerialmapper\bin\x64\release\texturematerialmapper.dll
d:\02_document\01_project\2018_2023_spatialmedia\30_implementation\22_patexturemapper\texturematerialmapper\bin\x64\release\texturematerialmapper.pdb
d:\02_document\01_project\2018_2023_spatialmedia\30_implementation\22_patexturemapper\texturematerialmapper\bin\x64\release\texturematerialmapper.lib
d:\02_document\01_project\2018_2023_spatialmedia\30_implementation\22_patexturemapper\texturematerialmapper\bin\x64\release\texturematerialmapper.exp
d:\02_document\01_project\2018_2023_spatialmedia\30_implementation\22_patexturemapper\texturematerialmapper\bin\x64\release\texturematerialmapper.ipdb
d:\02_document\01_project\2018_2023_spatialmedia\30_implementation\22_patexturemapper\texturematerialmapper\bin\x64\release\texturematerialmapper.iobj
d:\02_document\01_project\2018_2023_spatialmedia\30_implementation\22_patexturemapper\texturematerialmapper\texturematerialmapper\..\tmp\x64\release\vcpkg.applocal.log
d:\02_document\01_project\2018_2023_spatialmedia\30_implementation\22_patexturemapper\texturematerialmapper\\bin\x64\release\texturematerialmapper.pdb
d:\02_document\01_project\2018_2023_spatialmedia\30_implementation\22_patexturemapper\texturematerialmapper\\bin\x64\release\texturematerialmapper.dll
d:\02_document\01_project\2018_2023_spatialmedia\30_implementation\22_patexturemapper\texturematerialmapper\tmp\x64\release\texturem.ed359326.tlog\cl.command.1.tlog
d:\02_document\01_project\2018_2023_spatialmedia\30_implementation\22_patexturemapper\texturematerialmapper\tmp\x64\release\texturem.ed359326.tlog\cl.read.1.tlog
d:\02_document\01_project\2018_2023_spatialmedia\30_implementation\22_patexturemapper\texturematerialmapper\tmp\x64\release\texturem.ed359326.tlog\cl.write.1.tlog
d:\02_document\01_project\2018_2023_spatialmedia\30_implementation\22_patexturemapper\texturematerialmapper\tmp\x64\release\texturem.ed359326.tlog\link.command.1.tlog
d:\02_document\01_project\2018_2023_spatialmedia\30_implementation\22_patexturemapper\texturematerialmapper\tmp\x64\release\texturem.ed359326.tlog\link.read.1.tlog
d:\02_document\01_project\2018_2023_spatialmedia\30_implementation\22_patexturemapper\texturematerialmapper\tmp\x64\release\texturem.ed359326.tlog\link.write.1.tlog
d:\02_document\01_project\2018_2023_spatialmedia\30_implementation\22_patexturemapper\texturematerialmapper\tmp\x64\release\texturem.ed359326.tlog\texturematerialmapper.write.1u.tlog
