d:\02_document\01_project\2018_2023_spatialmedia\30_implementation\22_patexturemapper\texturematerialmapper\tmp\x64\debug\texturematerialmapperd.pch
d:\02_document\01_project\2018_2023_spatialmedia\30_implementation\22_patexturemapper\texturematerialmapper\tmp\x64\debug\vc141.pdb
d:\02_document\01_project\2018_2023_spatialmedia\30_implementation\22_patexturemapper\texturematerialmapper\tmp\x64\debug\vc141.idb
d:\02_document\01_project\2018_2023_spatialmedia\30_implementation\22_patexturemapper\texturematerialmapper\tmp\x64\debug\pch.obj
d:\02_document\01_project\2018_2023_spatialmedia\30_implementation\22_patexturemapper\texturematerialmapper\tmp\x64\debug\texturematerialmanager.obj
d:\02_document\01_project\2018_2023_spatialmedia\30_implementation\22_patexturemapper\texturematerialmapper\tmp\x64\debug\filemanager.obj
d:\02_document\01_project\2018_2023_spatialmedia\30_implementation\22_patexturemapper\texturematerialmapper\tmp\x64\debug\dllmain.obj
d:\02_document\01_project\2018_2023_spatialmedia\30_implementation\22_patexturemapper\texturematerialmapper\bin\x64\debug\texturematerialmapperd.dll
d:\02_document\01_project\2018_2023_spatialmedia\30_implementation\22_patexturemapper\texturematerialmapper\bin\x64\debug\texturematerialmapperd.ilk
d:\02_document\01_project\2018_2023_spatialmedia\30_implementation\22_patexturemapper\texturematerialmapper\bin\x64\debug\texturematerialmapperd.pdb
d:\02_document\01_project\2018_2023_spatialmedia\30_implementation\22_patexturemapper\texturematerialmapper\bin\x64\debug\texturematerialmapperd.lib
d:\02_document\01_project\2018_2023_spatialmedia\30_implementation\22_patexturemapper\texturematerialmapper\bin\x64\debug\texturematerialmapperd.exp
d:\02_document\01_project\2018_2023_spatialmedia\30_implementation\22_patexturemapper\texturematerialmapper\texturematerialmapper\..\tmp\x64\debug\vcpkg.applocal.log
d:\02_document\01_project\2018_2023_spatialmedia\30_implementation\22_patexturemapper\texturematerialmapper\\bin\x64\debug\texturematerialmapperd.pdb
d:\02_document\01_project\2018_2023_spatialmedia\30_implementation\22_patexturemapper\texturematerialmapper\\bin\x64\debug\texturematerialmapperd.dll
d:\02_document\01_project\2018_2023_spatialmedia\30_implementation\22_patexturemapper\texturematerialmapper\\bin\x64\debug\texturematerialmapperd.ilk
d:\02_document\01_project\2018_2023_spatialmedia\30_implementation\22_patexturemapper\texturematerialmapper\tmp\x64\debug\texturem.ed359326.tlog\cl.command.1.tlog
d:\02_document\01_project\2018_2023_spatialmedia\30_implementation\22_patexturemapper\texturematerialmapper\tmp\x64\debug\texturem.ed359326.tlog\cl.read.1.tlog
d:\02_document\01_project\2018_2023_spatialmedia\30_implementation\22_patexturemapper\texturematerialmapper\tmp\x64\debug\texturem.ed359326.tlog\cl.write.1.tlog
d:\02_document\01_project\2018_2023_spatialmedia\30_implementation\22_patexturemapper\texturematerialmapper\tmp\x64\debug\texturem.ed359326.tlog\link.command.1.tlog
d:\02_document\01_project\2018_2023_spatialmedia\30_implementation\22_patexturemapper\texturematerialmapper\tmp\x64\debug\texturem.ed359326.tlog\link.read.1.tlog
d:\02_document\01_project\2018_2023_spatialmedia\30_implementation\22_patexturemapper\texturematerialmapper\tmp\x64\debug\texturem.ed359326.tlog\link.write.1.tlog
d:\02_document\01_project\2018_2023_spatialmedia\30_implementation\22_patexturemapper\texturematerialmapper\tmp\x64\debug\texturem.ed359326.tlog\texturematerialmapper.write.1u.tlog
