  pch.cpp
  dllmain.cpp
  FileManager.cpp
  TextureMaterialManager.cpp
  코드를 생성하고 있습니다...
     D:\02_Document\01_Project\2018_2023_SpatialMedia\30_Implementation\22_PATextureMapper\TextureMaterialMapper\\bin\x64\Debug\TextureMaterialMapperd.lib 라이브러리 및 D:\02_Document\01_Project\2018_2023_SpatialMedia\30_Implementation\22_PATextureMapper\TextureMaterialMapper\\bin\x64\Debug\TextureMaterialMapperd.exp 개체를 생성하고 있습니다.
  TextureMaterialMapper.vcxproj -> D:\02_Document\01_Project\2018_2023_SpatialMedia\30_Implementation\22_PATextureMapper\TextureMaterialMapper\\bin\x64\Debug\TextureMaterialMapperd.dll
  D:Def.h
  D:FileManager.h
  D:framework.h
  D:pch.h
  D:TextureMaterialManager.h
  5개 파일이 복사되었습니다.
  파일을 찾을 수 없습니다-*.hpp
  0개 파일이 복사되었습니다.
  D:\02_Document\01_Project\2018_2023_SpatialMedia\30_Implementation\22_PATextureMapper\TextureMaterialMapper\\bin\x64\Debug\TextureMaterialMapperd.lib
  1개 파일이 복사되었습니다.
  D:\02_Document\01_Project\2018_2023_SpatialMedia\30_Implementation\22_PATextureMapper\TextureMaterialMapper\\bin\x64\Debug\TextureMaterialMapperd.dll
  1개 파일이 복사되었습니다.
  .\config\parameter.yml
  1개 파일이 복사되었습니다.
